<?xml version="1.0" encoding="UTF-8"?>
<coverage generated="1642737260168" clover="3.2.0">
  <project timestamp="1642737260168" name="All files">
    <metrics statements="30" coveredstatements="22" conditionals="4" coveredconditionals="2" methods="19" coveredmethods="14" elements="53" coveredelements="38" complexity="0" loc="30" ncloc="30" packages="2" files="7" classes="7"/>
    <package name="components">
      <metrics statements="23" coveredstatements="22" conditionals="4" coveredconditionals="2" methods="14" coveredmethods="14"/>
      <file name="Card.js" path="/home/callum/Odin/senior_web_tutorial/react_robots/src/components/Card.js">
        <metrics statements="2" coveredstatements="2" conditionals="0" coveredconditionals="0" methods="1" coveredmethods="1"/>
        <line num="3" count="3" type="stmt"/>
        <line num="4" count="3" type="stmt"/>
      </file>
      <file name="CardList.js" path="/home/callum/Odin/senior_web_tutorial/react_robots/src/components/CardList.js">
        <metrics statements="3" coveredstatements="3" conditionals="0" coveredconditionals="0" methods="2" coveredmethods="2"/>
        <line num="4" count="2" type="stmt"/>
        <line num="5" count="4" type="stmt"/>
        <line num="8" count="2" type="stmt"/>
      </file>
      <file name="CounterButton.js" path="/home/callum/Odin/senior_web_tutorial/react_robots/src/components/CounterButton.js">
        <metrics statements="8" coveredstatements="7" conditionals="2" coveredconditionals="1" methods="5" coveredmethods="5"/>
        <line num="5" count="5" type="stmt"/>
        <line num="6" count="5" type="stmt"/>
        <line num="11" count="3" type="cond" truecount="1" falsecount="1"/>
        <line num="12" count="3" type="stmt"/>
        <line num="14" count="0" type="stmt"/>
        <line num="17" count="5" type="stmt"/>
        <line num="18" count="3" type="stmt"/>
        <line num="22" count="8" type="stmt"/>
      </file>
      <file name="Header.js" path="/home/callum/Odin/senior_web_tutorial/react_robots/src/components/Header.js">
        <metrics statements="1" coveredstatements="1" conditionals="0" coveredconditionals="0" methods="1" coveredmethods="1"/>
        <line num="10" count="3" type="stmt"/>
      </file>
      <file name="MainPage.js" path="/home/callum/Odin/senior_web_tutorial/react_robots/src/components/MainPage.js">
        <metrics statements="7" coveredstatements="7" conditionals="2" coveredconditionals="1" methods="4" coveredmethods="4"/>
        <line num="9" count="1" type="stmt"/>
        <line num="16" count="3" type="stmt"/>
        <line num="17" count="3" type="stmt"/>
        <line num="20" count="3" type="stmt"/>
        <line num="21" count="3" type="stmt"/>
        <line num="22" count="2" type="stmt"/>
        <line num="26" count="3" type="cond" truecount="1" falsecount="1"/>
      </file>
      <file name="SearchBox.js" path="/home/callum/Odin/senior_web_tutorial/react_robots/src/components/SearchBox.js">
        <metrics statements="2" coveredstatements="2" conditionals="0" coveredconditionals="0" methods="1" coveredmethods="1"/>
        <line num="3" count="1" type="stmt"/>
        <line num="4" count="3" type="stmt"/>
      </file>
    </package>
    <package name="containers">
      <metrics statements="7" coveredstatements="0" conditionals="0" coveredconditionals="0" methods="5" coveredmethods="0"/>
      <file name="App.js" path="/home/callum/Odin/senior_web_tutorial/react_robots/src/containers/App.js">
        <metrics statements="7" coveredstatements="0" conditionals="0" coveredconditionals="0" methods="5" coveredmethods="0"/>
        <line num="7" count="0" type="stmt"/>
        <line num="8" count="0" type="stmt"/>
        <line num="16" count="0" type="stmt"/>
        <line num="17" count="0" type="stmt"/>
        <line num="18" count="0" type="stmt"/>
        <line num="21" count="0" type="stmt"/>
        <line num="22" count="0" type="stmt"/>
      </file>
    </package>
  </project>
</coverage>
