TN:
SF:src/components/Card.js
FN:3,(anonymous_0)
FNF:1
FNH:1
FNDA:3,(anonymous_0)
DA:3,3
DA:4,3
LF:2
LH:2
BRF:0
BRH:0
end_of_record
TN:
SF:src/components/CardList.js
FN:4,(anonymous_0)
FN:7,(anonymous_1)
FNF:2
FNH:2
FNDA:4,(anonymous_0)
FNDA:2,(anonymous_1)
DA:4,2
DA:5,4
DA:8,2
LF:3
LH:3
BRF:0
BRH:0
end_of_record
TN:
SF:src/components/CounterButton.js
FN:4,(anonymous_0)
FN:10,(anonymous_1)
FN:17,(anonymous_2)
FN:18,(anonymous_3)
FN:21,(anonymous_4)
FNF:5
FNH:5
FNDA:5,(anonymous_0)
FNDA:3,(anonymous_1)
FNDA:3,(anonymous_2)
FNDA:3,(anonymous_3)
FNDA:8,(anonymous_4)
DA:5,5
DA:6,5
DA:11,3
DA:12,3
DA:14,0
DA:17,5
DA:18,3
DA:22,8
LF:8
LH:7
BRDA:11,0,0,3
BRDA:11,0,1,0
BRF:2
BRH:1
end_of_record
TN:
SF:src/components/Header.js
FN:9,(anonymous_0)
FNF:1
FNH:1
FNDA:3,(anonymous_0)
DA:10,3
LF:1
LH:1
BRF:0
BRH:0
end_of_record
TN:
SF:src/components/MainPage.js
FN:9,(anonymous_0)
FN:16,(anonymous_1)
FN:20,(anonymous_2)
FN:21,(anonymous_3)
FNF:4
FNH:4
FNDA:3,(anonymous_0)
FNDA:3,(anonymous_1)
FNDA:3,(anonymous_2)
FNDA:2,(anonymous_3)
DA:9,1
DA:16,3
DA:17,3
DA:20,3
DA:21,3
DA:22,2
DA:26,3
LF:7
LH:7
BRDA:26,0,0,0
BRDA:26,0,1,3
BRF:2
BRH:1
end_of_record
TN:
SF:src/components/SearchBox.js
FN:3,(anonymous_0)
FNF:1
FNH:1
FNDA:3,(anonymous_0)
DA:3,1
DA:4,3
LF:2
LH:2
BRF:0
BRH:0
end_of_record
TN:
SF:src/containers/App.js
FN:7,(anonymous_0)
FN:16,(anonymous_1)
FN:17,(anonymous_2)
FN:18,(anonymous_3)
FN:21,(anonymous_4)
FNF:5
FNH:0
FNDA:0,(anonymous_0)
FNDA:0,(anonymous_1)
FNDA:0,(anonymous_2)
FNDA:0,(anonymous_3)
FNDA:0,(anonymous_4)
DA:7,0
DA:8,0
DA:16,0
DA:17,0
DA:18,0
DA:21,0
DA:22,0
LF:7
LH:0
BRF:0
BRH:0
end_of_record
